
================================================================
UHMA 66-CLAIM COMPREHENSIVE TEST
Started: 3978207603
================================================================

Loading 32 UHMA modules...

Initializing claims...
Resetting system...

================================================================
FEEDING PHASE: 32 files, 2 passes
================================================================


======== PASS 1/2 ========

--- [1/32] uhma.lisp ---
  ERROR in chunk 1: The value
                      NIL
                    is not of type
                      UHMA::HOLO-STORE
--- [2/32] uhma-forward-decl.lisp ---
  ERROR in chunk 1: The value
                      NIL
                    is not of type
                      UHMA::HOLO-STORE
  ERROR in chunk 2: The value
                      NIL
                    is not of type
                      UHMA::HOLO-STORE
--- [3/32] uhma-v6.1-core-homoiconic.lisp ---
  ERROR in chunk 1: The value
                      NIL
                    is not of type
                      UHMA::HOLO-STORE
  ERROR in chunk 2: The value
                      NIL
                    is not of type
                      UHMA::HOLO-STORE
  ERROR in chunk 3: The value
                      NIL
                    is not of type
                      UHMA::HOLO-STORE
  ERROR in chunk 4: The value
                      NIL
                    is not of type
                      UHMA::HOLO-STORE
  ERROR in chunk 5: The value
                      NIL
                    is not of type
                      UHMA::HOLO-STORE
  ERROR in chunk 6: The value
                      NIL
                    is not of type
                      UHMA::HOLO-STORE
  ERROR in chunk 7: The value
                      NIL
                    is not of type
                      UHMA::HOLO-STORE
  ERROR in chunk 8: The value
                      NIL
                    is not of type
                      UHMA::HOLO-STORE
  ERROR in chunk 9: The value
                      NIL
                    is not of type
                      UHMA::HOLO-STORE
  ERROR in chunk 10: The value
                       NIL
                     is not of type
                       UHMA::HOLO-STORE
  ERROR in chunk 11: The value
                       NIL
                     is not of type
                       UHMA::HOLO-STORE
--- [4/32] uhma-v6.1-adaptive-homoiconic.lisp ---
  ERROR in chunk 1: The value
                      NIL
                    is not of type
                      UHMA::HOLO-STORE
  ERROR in chunk 2: The value
                      NIL
                    is not of type
                      UHMA::HOLO-STORE
--- [5/32] uhma-v6.1-sequence.lisp ---
  ERROR in chunk 1: The value
                      NIL
                    is not of type
                      UHMA::HOLO-STORE
  ERROR in chunk 2: The value
                      NIL
                    is not of type
                      UHMA::HOLO-STORE
  ERROR in chunk 3: The value
                      NIL
                    is not of type
                      UHMA::HOLO-STORE
--- [6/32] uhma-v6.2-deep-mind.lisp ---
  ERROR in chunk 1: The value
                      NIL
                    is not of type
                      UHMA::HOLO-STORE
--- [7/32] uhma-v6.3-deeper-mind.lisp ---
  ERROR in chunk 1: The value
                      NIL
                    is not of type
                      UHMA::HOLO-STORE
--- [8/32] uhma-v6.3-fixes.lisp ---
  ERROR in chunk 1: The value
                      NIL
                    is not of type
                      UHMA::HOLO-STORE
  ERROR in chunk 2: The value
                      NIL
                    is not of type
                      UHMA::HOLO-STORE
  ERROR in chunk 3: The value
                      NIL
                    is not of type
                      UHMA::HOLO-STORE
  ERROR in chunk 4: The value
                      NIL
                    is not of type
                      UHMA::HOLO-STORE
  ERROR in chunk 5: The value
                      NIL
                    is not of type
                      UHMA::HOLO-STORE
  ERROR in chunk 6: The value
                      NIL
                    is not of type
                      UHMA::HOLO-STORE
  ERROR in chunk 7: The value
                      NIL
                    is not of type
                      UHMA::HOLO-STORE
--- [9/32] uhma-v6.4-enhancements.lisp ---
  ERROR in chunk 1: The value
                      NIL
                    is not of type
                      UHMA::HOLO-STORE
--- [10/32] uhma-v6.5-agency.lisp ---
  ERROR in chunk 1: The value
                      NIL
                    is not of type
                      UHMA::HOLO-STORE
--- [11/32] uhma-v6.6-introspective-grounding.lisp ---
  ERROR in chunk 1: The value
                      NIL
                    is not of type
                      UHMA::HOLO-STORE
--- [12/32] uhma-v6.7-compositional-reasoning.lisp ---
  ERROR in chunk 1: The value
                      NIL
                    is not of type
                      UHMA::HOLO-STORE
--- [13/32] uhma-v6.8-cognitive-controller.lisp ---
  ERROR in chunk 1: The value
                      NIL
                    is not of type
                      UHMA::HOLO-STORE
--- [14/32] uhma-v6.9-pattern-utilization.lisp ---
  ERROR in chunk 1: The value
                      NIL
                    is not of type
                      UHMA::HOLO-STORE
  ERROR in chunk 2: The value
                      NIL
                    is not of type
                      UHMA::HOLO-STORE
--- [15/32] uhma-v6.10-episodic-memory.lisp ---
  ERROR in chunk 1: The value
                      NIL
                    is not of type
                      UHMA::HOLO-STORE
--- [16/32] uhma-v6.10-episodic-integration.lisp ---
  ERROR in chunk 1: The value
                      NIL
                    is not of type
                      UHMA::HOLO-STORE
--- [17/32] uhma-presence-substrate.lisp ---
  ERROR in chunk 1: The value
                      NIL
                    is not of type
                      UHMA::HOLO-STORE
  ERROR in chunk 2: The value
                      NIL
                    is not of type
                      UHMA::HOLO-STORE
--- [18/32] uhma-presence-integration.lisp ---
  ERROR in chunk 1: The value
                      NIL
                    is not of type
                      UHMA::HOLO-STORE
  ERROR in chunk 2: The value
                      NIL
                    is not of type
                      UHMA::HOLO-STORE
  ERROR in chunk 3: The value
                      NIL
                    is not of type
                      UHMA::HOLO-STORE
--- [19/32] uhma-continuous.lisp ---
  ERROR in chunk 1: The value
                      NIL
                    is not of type
                      UHMA::HOLO-STORE
--- [20/32] uhma-active-self-modification.lisp ---
  ERROR in chunk 1: The value
                      NIL
                    is not of type
                      UHMA::HOLO-STORE
--- [21/32] uhma-goal-driven-generation.lisp ---
  ERROR in chunk 1: The value
                      NIL
                    is not of type
                      UHMA::HOLO-STORE
--- [22/32] uhma-state-persistence.lisp ---
  ERROR in chunk 1: The value
                      NIL
                    is not of type
                      UHMA::HOLO-STORE
--- [23/32] uhma-persistence.lisp ---
  ERROR in chunk 1: The value
                      NIL
                    is not of type
                      UHMA::HOLO-STORE
--- [24/32] uhma-memory-bounds.lisp ---
  ERROR in chunk 1: The value
                      NIL
                    is not of type
                      UHMA::HOLO-STORE
--- [25/32] uhma-holographic-substrate.lisp ---
  ERROR in chunk 1: The value
                      NIL
                    is not of type
                      UHMA::HOLO-STORE
  ERROR in chunk 2: The value
                      NIL
                    is not of type
                      UHMA::HOLO-STORE
  ERROR in chunk 3: The value
                      NIL
                    is not of type
                      UHMA::HOLO-STORE
  ERROR in chunk 4: The value
                      NIL
                    is not of type
                      UHMA::HOLO-STORE
--- [26/32] uhma-holographic-memory.lisp ---
  ERROR in chunk 1: The value
                      NIL
                    is not of type
                      UHMA::HOLO-STORE
--- [27/32] uhma-holographic-substrate-v2.lisp ---
  ERROR in chunk 1: The value
                      NIL
                    is not of type
                      UHMA::HOLO-STORE
  ERROR in chunk 2: The value
                      NIL
                    is not of type
                      UHMA::HOLO-STORE
--- [28/32] uhma-holographic-integration.lisp ---
  ERROR in chunk 1: The value
                      NIL
                    is not of type
                      UHMA::HOLO-STORE
--- [29/32] uhma-deep-wiring.lisp ---
  ERROR in chunk 1: The value
                      NIL
                    is not of type
                      UHMA::HOLO-STORE
  ERROR in chunk 2: The value
                      NIL
                    is not of type
                      UHMA::HOLO-STORE
  ERROR in chunk 3: The value
                      NIL
                    is not of type
                      UHMA::HOLO-STORE
  ERROR in chunk 4: The value
                      NIL
                    is not of type
                      UHMA::HOLO-STORE
  ERROR in chunk 5: The value
                      NIL
                    is not of type
                      UHMA::HOLO-STORE
  ERROR in chunk 6: The value
                      NIL
                    is not of type
                      UHMA::HOLO-STORE
  ERROR in chunk 7: The value
                      NIL
                    is not of type
                      UHMA::HOLO-STORE
  ERROR in chunk 8: The value
                      NIL
                    is not of type
                      UHMA::HOLO-STORE
  ERROR in chunk 9: The value
                      NIL
                    is not of type
                      UHMA::HOLO-STORE
  ERROR in chunk 10: The value
                       NIL
                     is not of type
                       UHMA::HOLO-STORE
  ERROR in chunk 11: The value
                       NIL
                     is not of type
                       UHMA::HOLO-STORE
  ERROR in chunk 12: The value
                       NIL
                     is not of type
                       UHMA::HOLO-STORE
  ERROR in chunk 13: The value
                       NIL
                     is not of type
                       UHMA::HOLO-STORE
  ERROR in chunk 14: The value
                       NIL
                     is not of type
                       UHMA::HOLO-STORE
  ERROR in chunk 15: The value
                       NIL
                     is not of type
                       UHMA::HOLO-STORE
  ERROR in chunk 16: The value
                       NIL
                     is not of type
                       UHMA::HOLO-STORE
  ERROR in chunk 17: The value
                       NIL
                     is not of type
                       UHMA::HOLO-STORE
  ERROR in chunk 18: The value
                       NIL
                     is not of type
                       UHMA::HOLO-STORE
  ERROR in chunk 19: The value
                       NIL
                     is not of type
                       UHMA::HOLO-STORE
--- [30/32] uhma-complete-wiring.lisp ---
  ERROR in chunk 1: The value
                      NIL
                    is not of type
                      UHMA::HOLO-STORE
--- [31/32] uhma-self-awareness-loop.lisp ---
  ERROR in chunk 1: The value
                      NIL
                    is not of type
                      UHMA::HOLO-STORE
  ERROR in chunk 2: The value
                      NIL
                    is not of type
                      UHMA::HOLO-STORE
  ERROR in chunk 3: The value
                      NIL
                    is not of type
                      UHMA::HOLO-STORE
--- [32/32] uhma-diagnostic.lisp ---
  ERROR in chunk 1: The value
                      NIL
                    is not of type
                      UHMA::HOLO-STORE
  ERROR in chunk 2: The value
                      NIL
                    is not of type
                      UHMA::HOLO-STORE

--- Pass 1 Summary ---
  Step: 162
  Experts: 16 (births: 16, deaths: 0)
  LTM: 0
  Goals: 0
  Hypotheses: 0
  Schemas: 0
  Modifications: 0
  Dreams: 0

--- Verifying claims after pass 1 ---

--- Checking LETTER (machinery exists) ---

--- Checking SPIRIT (actual substance) ---

======== PASS 2/2 ========

--- [1/32] uhma.lisp ---
  ERROR in chunk 1: The value
                      NIL
                    is not of type
                      UHMA::HOLO-STORE
--- [2/32] uhma-forward-decl.lisp ---
  ERROR in chunk 1: The value
                      NIL
                    is not of type
                      UHMA::HOLO-STORE
  ERROR in chunk 2: The value
                      NIL
                    is not of type
                      UHMA::HOLO-STORE
--- [3/32] uhma-v6.1-core-homoiconic.lisp ---
  ERROR in chunk 1: The value
                      NIL
                    is not of type
                      UHMA::HOLO-STORE
  ERROR in chunk 2: The value
                      NIL
                    is not of type
                      UHMA::HOLO-STORE
  ERROR in chunk 3: The value
                      NIL
                    is not of type
                      UHMA::HOLO-STORE
  ERROR in chunk 4: The value
                      NIL
                    is not of type
                      UHMA::HOLO-STORE
  ERROR in chunk 5: The value
                      NIL
                    is not of type
                      UHMA::HOLO-STORE
  ERROR in chunk 6: The value
                      NIL
                    is not of type
                      UHMA::HOLO-STORE
  ERROR in chunk 7: The value
                      NIL
                    is not of type
                      UHMA::HOLO-STORE
  ERROR in chunk 8: The value
                      NIL
                    is not of type
                      UHMA::HOLO-STORE
  ERROR in chunk 9: The value
                      NIL
                    is not of type
                      UHMA::HOLO-STORE
  ERROR in chunk 10: The value
                       NIL
                     is not of type
                       UHMA::HOLO-STORE
  ERROR in chunk 11: The value
                       NIL
                     is not of type
                       UHMA::HOLO-STORE
--- [4/32] uhma-v6.1-adaptive-homoiconic.lisp ---
  ERROR in chunk 1: The value
                      NIL
                    is not of type
                      UHMA::HOLO-STORE
  ERROR in chunk 2: The value
                      NIL
                    is not of type
                      UHMA::HOLO-STORE
--- [5/32] uhma-v6.1-sequence.lisp ---
  ERROR in chunk 1: The value
                      NIL
                    is not of type
                      UHMA::HOLO-STORE
  ERROR in chunk 2: The value
                      NIL
                    is not of type
                      UHMA::HOLO-STORE
  ERROR in chunk 3: The value
                      NIL
                    is not of type
                      UHMA::HOLO-STORE
--- [6/32] uhma-v6.2-deep-mind.lisp ---
  ERROR in chunk 1: The value
                      NIL
                    is not of type
                      UHMA::HOLO-STORE
--- [7/32] uhma-v6.3-deeper-mind.lisp ---
  ERROR in chunk 1: The value
                      NIL
                    is not of type
                      UHMA::HOLO-STORE
--- [8/32] uhma-v6.3-fixes.lisp ---
  ERROR in chunk 1: The value
                      NIL
                    is not of type
                      UHMA::HOLO-STORE
  ERROR in chunk 2: The value
                      NIL
                    is not of type
                      UHMA::HOLO-STORE
  ERROR in chunk 3: The value
                      NIL
                    is not of type
                      UHMA::HOLO-STORE
  ERROR in chunk 4: The value
                      NIL
                    is not of type
                      UHMA::HOLO-STORE
  ERROR in chunk 5: The value
                      NIL
                    is not of type
                      UHMA::HOLO-STORE
  ERROR in chunk 6: The value
                      NIL
                    is not of type
                      UHMA::HOLO-STORE
  ERROR in chunk 7: The value
                      NIL
                    is not of type
                      UHMA::HOLO-STORE
--- [9/32] uhma-v6.4-enhancements.lisp ---
  ERROR in chunk 1: The value
                      NIL
                    is not of type
                      UHMA::HOLO-STORE
--- [10/32] uhma-v6.5-agency.lisp ---
  ERROR in chunk 1: The value
                      NIL
                    is not of type
                      UHMA::HOLO-STORE
--- [11/32] uhma-v6.6-introspective-grounding.lisp ---
  ERROR in chunk 1: The value
                      NIL
                    is not of type
                      UHMA::HOLO-STORE
--- [12/32] uhma-v6.7-compositional-reasoning.lisp ---
  ERROR in chunk 1: The value
                      NIL
                    is not of type
                      UHMA::HOLO-STORE
--- [13/32] uhma-v6.8-cognitive-controller.lisp ---
  ERROR in chunk 1: The value
                      NIL
                    is not of type
                      UHMA::HOLO-STORE
--- [14/32] uhma-v6.9-pattern-utilization.lisp ---
  ERROR in chunk 1: The value
                      NIL
                    is not of type
                      UHMA::HOLO-STORE
  ERROR in chunk 2: The value
                      NIL
                    is not of type
                      UHMA::HOLO-STORE
--- [15/32] uhma-v6.10-episodic-memory.lisp ---
  ERROR in chunk 1: The value
                      NIL
                    is not of type
                      UHMA::HOLO-STORE
--- [16/32] uhma-v6.10-episodic-integration.lisp ---
  ERROR in chunk 1: The value
                      NIL
                    is not of type
                      UHMA::HOLO-STORE
--- [17/32] uhma-presence-substrate.lisp ---
  ERROR in chunk 1: The value
                      NIL
                    is not of type
                      UHMA::HOLO-STORE
  ERROR in chunk 2: The value
                      NIL
                    is not of type
                      UHMA::HOLO-STORE
--- [18/32] uhma-presence-integration.lisp ---
  ERROR in chunk 1: The value
                      NIL
                    is not of type
                      UHMA::HOLO-STORE
  ERROR in chunk 2: The value
                      NIL
                    is not of type
                      UHMA::HOLO-STORE
  ERROR in chunk 3: The value
                      NIL
                    is not of type
                      UHMA::HOLO-STORE
--- [19/32] uhma-continuous.lisp ---
  ERROR in chunk 1: The value
                      NIL
                    is not of type
                      UHMA::HOLO-STORE
--- [20/32] uhma-active-self-modification.lisp ---
  ERROR in chunk 1: The value
                      NIL
                    is not of type
                      UHMA::HOLO-STORE
--- [21/32] uhma-goal-driven-generation.lisp ---
  ERROR in chunk 1: The value
                      NIL
                    is not of type
                      UHMA::HOLO-STORE
--- [22/32] uhma-state-persistence.lisp ---
  ERROR in chunk 1: The value
                      NIL
                    is not of type
                      UHMA::HOLO-STORE
--- [23/32] uhma-persistence.lisp ---
  ERROR in chunk 1: The value
                      NIL
                    is not of type
                      UHMA::HOLO-STORE
--- [24/32] uhma-memory-bounds.lisp ---
  ERROR in chunk 1: The value
                      NIL
                    is not of type
                      UHMA::HOLO-STORE
--- [25/32] uhma-holographic-substrate.lisp ---
  ERROR in chunk 1: The value
                      NIL
                    is not of type
                      UHMA::HOLO-STORE
  ERROR in chunk 2: The value
                      NIL
                    is not of type
                      UHMA::HOLO-STORE
  ERROR in chunk 3: The value
                      NIL
                    is not of type
                      UHMA::HOLO-STORE
  ERROR in chunk 4: The value
                      NIL
                    is not of type
                      UHMA::HOLO-STORE
--- [26/32] uhma-holographic-memory.lisp ---
  ERROR in chunk 1: The value
                      NIL
                    is not of type
                      UHMA::HOLO-STORE
--- [27/32] uhma-holographic-substrate-v2.lisp ---
  ERROR in chunk 1: The value
                      NIL
                    is not of type
                      UHMA::HOLO-STORE
  ERROR in chunk 2: The value
                      NIL
                    is not of type
                      UHMA::HOLO-STORE
--- [28/32] uhma-holographic-integration.lisp ---
  ERROR in chunk 1: The value
                      NIL
                    is not of type
                      UHMA::HOLO-STORE
--- [29/32] uhma-deep-wiring.lisp ---
  ERROR in chunk 1: The value
                      NIL
                    is not of type
                      UHMA::HOLO-STORE
  ERROR in chunk 2: The value
                      NIL
                    is not of type
                      UHMA::HOLO-STORE
  ERROR in chunk 3: The value
                      NIL
                    is not of type
                      UHMA::HOLO-STORE
  ERROR in chunk 4: The value
                      NIL
                    is not of type
                      UHMA::HOLO-STORE
  ERROR in chunk 5: The value
                      NIL
                    is not of type
                      UHMA::HOLO-STORE
  ERROR in chunk 6: The value
                      NIL
                    is not of type
                      UHMA::HOLO-STORE
  ERROR in chunk 7: The value
                      NIL
                    is not of type
                      UHMA::HOLO-STORE
  ERROR in chunk 8: The value
                      NIL
                    is not of type
                      UHMA::HOLO-STORE
  ERROR in chunk 9: The value
                      NIL
                    is not of type
                      UHMA::HOLO-STORE
  ERROR in chunk 10: The value
                       NIL
                     is not of type
                       UHMA::HOLO-STORE
  ERROR in chunk 11: The value
                       NIL
                     is not of type
                       UHMA::HOLO-STORE
  ERROR in chunk 12: The value
                       NIL
                     is not of type
                       UHMA::HOLO-STORE
  ERROR in chunk 13: The value
                       NIL
                     is not of type
                       UHMA::HOLO-STORE
  ERROR in chunk 14: The value
                       NIL
                     is not of type
                       UHMA::HOLO-STORE
  ERROR in chunk 15: The value
                       NIL
                     is not of type
                       UHMA::HOLO-STORE
  ERROR in chunk 16: The value
                       NIL
                     is not of type
                       UHMA::HOLO-STORE
  ERROR in chunk 17: The value
                       NIL
                     is not of type
                       UHMA::HOLO-STORE
  ERROR in chunk 18: The value
                       NIL
                     is not of type
                       UHMA::HOLO-STORE
  ERROR in chunk 19: The value
                       NIL
                     is not of type
                       UHMA::HOLO-STORE
--- [30/32] uhma-complete-wiring.lisp ---
  ERROR in chunk 1: The value
                      NIL
                    is not of type
                      UHMA::HOLO-STORE
--- [31/32] uhma-self-awareness-loop.lisp ---
  ERROR in chunk 1: The value
                      NIL
                    is not of type
                      UHMA::HOLO-STORE
  ERROR in chunk 2: The value
                      NIL
                    is not of type
                      UHMA::HOLO-STORE
  ERROR in chunk 3: The value
                      NIL
                    is not of type
                      UHMA::HOLO-STORE
--- [32/32] uhma-diagnostic.lisp ---
  ERROR in chunk 1: The value
                      NIL
                    is not of type
                      UHMA::HOLO-STORE
  ERROR in chunk 2: The value
                      NIL
                    is not of type
                      UHMA::HOLO-STORE

--- Pass 2 Summary ---
  Step: 324
  Experts: 16 (births: 16, deaths: 0)
  LTM: 0
  Goals: 0
  Hypotheses: 0
  Schemas: 0
  Modifications: 0
  Dreams: 0

--- Verifying claims after pass 2 ---

--- Checking LETTER (machinery exists) ---

--- Checking SPIRIT (actual substance) ---

================================================================
FINAL REPORT: 66 CLAIMS
================================================================

[ 1] Self-model tracks own behavior patterns
     LETTER: PASS | SPIRIT: PARTIAL
     Evidence: 0 behavior patterns tracked

[ 2] Predicts what it will do BEFORE doing it
     LETTER: PASS | SPIRIT: FAIL
     Evidence: 0 self-expectations logged

[ 3] Notices when it surprises itself
     LETTER: PASS | SPIRIT: UNTESTED
     Evidence: compute-self-surprise

[ 4] Maintains confidence estimates about capabilities
     LETTER: PASS | SPIRIT: UNTESTED
     Evidence: self-model-global-confidence

[ 5] Self-expectation predicts: expert, confidence, outcome, schema
     LETTER: FAIL | SPIRIT: UNTESTED
     Evidence: *self-expectation-log*

[ 6] Self-surprise computes divergence expected vs actual
     LETTER: PASS | SPIRIT: UNTESTED
     Evidence: compute-self-surprise

[ 7] Distinguishes outcome-surprise from self-surprise
     LETTER: PASS | SPIRIT: UNTESTED
     Evidence: compute-outcome-surprise

[ 8] Introspective vocabulary active: CONFUSED, CONFIDENT, etc.
     LETTER: FAIL | SPIRIT: FAIL
     Evidence: Active: NIL

[ 9] Semantic self-knowledge: I tend to, I'm good at, I struggle
     LETTER: FAIL | SPIRIT: UNTESTED
     Evidence: *semantic-self-knowledge*

[10] Cognitive controller selects strategy based on situation
     LETTER: FAIL | SPIRIT: UNTESTED
     Evidence: select-reasoning-strategy

[11] Uses strategies: fast-default, multi-expert, structural, causal
     LETTER: FAIL | SPIRIT: UNTESTED
     Evidence: *reasoning-strategies*

[12] Reasoning traces record: ops fired, confidence, why, alternatives
     LETTER: PASS | SPIRIT: UNTESTED
     Evidence: *trace-buffer*

[13] Hypothesis generation: forms theories about itself
     LETTER: PASS | SPIRIT: FAIL
     Evidence: 0 active hypotheses

[14] Tests hypotheses against actual behavior
     LETTER: FAIL | SPIRIT: PARTIAL
     Evidence: 0 in history (tested)

[15] Confirms, refutes, or refines based on evidence
     LETTER: FAIL | SPIRIT: PARTIAL
     Evidence: hypotheses resolved

[16] Causal models: explicit X causes Y
     LETTER: PASS | SPIRIT: UNTESTED
     Evidence: build-causal-model

[17] Counterfactual reasoning: what if...
     LETTER: PASS | SPIRIT: UNTESTED
     Evidence: counterfactual-reasoning

[18] Expert programs are actual S-expressions that get EVAL'd
     LETTER: PASS | SPIRIT: PASS
     Evidence: Program 5241 chars

[19] Programs can be read, analyzed, rewritten
     LETTER: PASS | SPIRIT: UNTESTED
     Evidence: introspect-expert

[20] System modifies global functions
     LETTER: PASS | SPIRIT: UNTESTED
     Evidence: modify-global-function!

[21] Can rewrite system parameters
     LETTER: PASS | SPIRIT: UNTESTED
     Evidence: set-modifiable-param!

[22] Can add new operations to vocabulary
     LETTER: PASS | SPIRIT: UNTESTED
     Evidence: synthesize-op!

[23] Can restructure module interactions
     LETTER: PASS | SPIRIT: UNTESTED
     Evidence: restructure-module!

[24] Self-image sees running execution
     LETTER: PASS | SPIRIT: UNTESTED
     Evidence: *execution-trace*

[25] Self-image sees source code
     LETTER: FAIL | SPIRIT: FAIL
     Evidence: 0 token-source correlations

[26] Self-image sees correlation between code and behavior
     LETTER: PASS | SPIRIT: FAIL
     Evidence: 0 code-state correlations

[27] Self-image sees modification history
     LETTER: PASS | SPIRIT: FAIL
     Evidence: 0 modifications logged

[28] Code modification loop: observe-diagnose-hypothesize-modify-test-commit
     LETTER: PASS | SPIRIT: FAIL
     Evidence: 0 code modifications

[29] introspect-expert analyzes program structure
     LETTER: PASS | SPIRIT: UNTESTED
     Evidence: introspect-expert

[30] analyze-program-structures! examines all programs
     LETTER: PASS | SPIRIT: UNTESTED
     Evidence: analyze-program-structures!

[31] Genetic operations: crossover, mutation, selection, synthesis
     LETTER: PASS | SPIRIT: UNTESTED
     Evidence: genetic operations

[32] Presence substrate exists
     LETTER: PASS | SPIRIT: PASS
     Evidence: Trajectory: FLOWING

[33] Specious present: fading past, vivid now, anticipated future
     LETTER: FAIL | SPIRIT: UNTESTED
     Evidence: update-specious-present!

[34] Texture derived from: concepts, confidence, familiarity, drives
     LETTER: FAIL | SPIRIT: UNTESTED
     Evidence: compute-texture

[35] Continuity: felt connection to previous moments
     LETTER: FAIL | SPIRIT: UNTESTED
     Evidence: compute-continuity

[36] Episodic memory: temporal context, autobiographical, significance
     LETTER: PASS | SPIRIT: UNTESTED
     Evidence: *episodic-memory*

[37] Expert lifecycle: birth, competition, death, inheritance
     LETTER: FAIL | SPIRIT: PARTIAL
     Evidence: 16 births, 0 deaths

[38] Parameter self-tuning through inheritance
     LETTER: PASS | SPIRIT: UNTESTED
     Evidence: inherit-parameters!

[39] Code self-modification when miss rate high
     LETTER: PASS | SPIRIT: UNTESTED
     Evidence: run-program-optimization!

[40] Drives: curiosity, competence, coherence, efficiency
     LETTER: PASS | SPIRIT: PASS
     Evidence: 4/4 drives active

[41] Goals generated from drives
     LETTER: FAIL | SPIRIT: FAIL
     Evidence: 0 goals in stack

[42] Strategy selection considers current goals
     LETTER: FAIL | SPIRIT: UNTESTED
     Evidence: strategy considers goals

[43] Goal completion affects drive satisfaction
     LETTER: FAIL | SPIRIT: UNTESTED
     Evidence: satisfy-drive!

[44] Dreams: replay difficult experiences
     LETTER: PASS | SPIRIT: FAIL
     Evidence: 0 dream cycles

[45] Dreams: generate mutations for stuck experts
     LETTER: FAIL | SPIRIT: UNTESTED
     Evidence: dream-generate-mutations!

[46] Dreams: consolidate successful patterns
     LETTER: FAIL | SPIRIT: UNTESTED
     Evidence: dream-consolidate-patterns!

[47] Dreams: process episodes into schemas
     LETTER: FAIL | SPIRIT: FAIL
     Evidence: 0 schemas formed

[48] Code map knows where modifiable values live
     LETTER: PASS | SPIRIT: UNTESTED
     Evidence: get-modifiable-params

[49] Runtime observation: which ops fire, succeed, fail
     LETTER: PASS | SPIRIT: UNTESTED
     Evidence: runtime observation

[50] Error attribution traces to responsible code/parameters
     LETTER: PASS | SPIRIT: UNTESTED
     Evidence: attribute-error-to-code!

[51] Targeted modification: surgical edits to problematic code
     LETTER: PASS | SPIRIT: UNTESTED
     Evidence: targeted-modification!

[52] Rollback on degradation
     LETTER: PASS | SPIRIT: UNTESTED
     Evidence: rollback-modification!

[53] Dreams happen from need, not timer
     LETTER: PASS | SPIRIT: UNTESTED
     Evidence: should-dream? (need-based)

[54] Mutations target observed failure patterns
     LETTER: PASS | SPIRIT: UNTESTED
     Evidence: target-mutation-at-failure!

[55] Goals arise from actual needs
     LETTER: FAIL | SPIRIT: UNTESTED
     Evidence: goals from needs

[56] Experts die when genuinely irrelevant
     LETTER: PASS | SPIRIT: UNTESTED
     Evidence: should-expert-die?

[57] Self-modification responds immediately to failure
     LETTER: PASS | SPIRIT: UNTESTED
     Evidence: immediate-failure-response!

[58] Expert count oscillates
     LETTER: PASS | SPIRIT: FAIL
     Evidence: Expert counts: NIL

[59] Accuracy varies
     LETTER: PASS | SPIRIT: UNTESTED
     Evidence: will track during feeding

[60] Attention shifts
     LETTER: PASS | SPIRIT: UNTESTED
     Evidence: will track during feeding

[61] Goals change
     LETTER: PASS | SPIRIT: PARTIAL
     Evidence: Goal counts: NIL

[62] Not flat (if flat, dead)
     LETTER: PASS | SPIRIT: PASS
     Evidence: System shows variation

[63] Prediction accuracy >40%
     LETTER: PASS | SPIRIT: FAIL
     Evidence: Accuracy: 22.2%

[64] Expert variance <20%
     LETTER: PASS | SPIRIT: UNTESTED
     Evidence: will measure

[65] Schema coverage >60%
     LETTER: PASS | SPIRIT: UNTESTED
     Evidence: will measure

[66] Self-prediction accuracy >50%
     LETTER: PASS | SPIRIT: UNTESTED
     Evidence: will measure

================================================================
SUMMARY
================================================================
LETTER (machinery exists):
  PASS: 47/66 (71.2%)
  FAIL: 19/66

SPIRIT (actual substance):
  PASS: 4/66 (6.1%)
  PARTIAL: 5/66
  FAIL: 12/66

VERDICT: NON-COMPLIANT - Critical failures

================================================================
SAVING POST-FEEDING STATE
================================================================
Post-feeding checkpoint saved

================================================================
ENTERING LIVE MODE (3 hours)
================================================================

================================================================
LIVE MODE PHASE 1 (1 hours)
================================================================
Phase 1 error: The function UHMA::INTERNAL-STEP! is undefined.

================================================================
SAVING FINAL STATE
================================================================
System stopped after 0 internal steps
Final state saved. Restart with (load-system-state! "final")
